<?xml version="1.0" encoding="UTF-8"?>
<!-- Generated by org.testng.reporters.JUnitReportReporter -->
<testsuite skipped="0" hostname="DESKTOP-1K8K0FM" name="com.practise.Restassured.DemoPOSTrequestThroughMap" tests="1" failures="0" timestamp="29 Jul 2021 16:09:43 GMT" time="2.746" errors="0">
  <testcase name="checkPostMap" time="2.746" classname="com.practise.Restassured.DemoPOSTrequestThroughMap"/>
</testsuite> <!-- com.practise.Restassured.DemoPOSTrequestThroughMap -->
