<?xml version="1.0" encoding="UTF-8"?>
<!-- Generated by org.testng.reporters.JUnitReportReporter -->
<testsuite skipped="0" hostname="DESKTOP-1K8K0FM" name="com.practise.Restassured.DemoDELETErequest" tests="1" failures="0" timestamp="28 Jul 2021 15:53:46 GMT" time="1.941" errors="0">
  <testcase name="checkDelete" time="1.941" classname="com.practise.Restassured.DemoDELETErequest"/>
</testsuite> <!-- com.practise.Restassured.DemoDELETErequest -->
