<?xml version="1.0" encoding="UTF-8"?>
<!-- Generated by org.testng.reporters.JUnitReportReporter -->
<testsuite skipped="0" hostname="DESKTOP-1K8K0FM" name="com.practise.Restassured.Demogetrequest" tests="1" failures="0" timestamp="28 Jul 2021 15:44:41 GMT" time="1.762" errors="0">
  <testcase name="checkGet" time="1.762" classname="com.practise.Restassured.Demogetrequest"/>
</testsuite> <!-- com.practise.Restassured.Demogetrequest -->
